<?xml version="1.0" encoding="UTF-8"?>
<testsuite xmlns:xsi="http://www.w3.org/2001/XMLSchema-instance" xsi:noNamespaceSchemaLocation="https://maven.apache.org/surefire/maven-surefire-plugin/xsd/surefire-test-report-3.0.xsd" version="3.0" name="com.starbattle.model.entities.ManaUserTest" time="0.049" tests="2" errors="0" skipped="0" failures="0">
  <properties>
[...]
</properties>
  <testcase name="hasMana_shouldReturnFalseWhenNotEnoughMana" classname="com.starbattle.model.entities.ManaUserTest" time="0.024"/>
  <testcase name="hasMana_shouldReturnTrueWhenEnoughMana" classname="com.starbattle.model.entities.ManaUserTest" time="0.006"/>
</testsuite>